<?xml version="1.0" encoding="UTF-8"?>
<!-- Generated by org.testng.reporters.JUnitReportReporter -->
<testsuite skipped="0" hostname="Trigen-PC" name="screen.testshot" tests="1" failures="0" timestamp="09 Aug 2019 10:29:44 GMT" time="6.670" errors="0">
  <testcase name="open" time="6.670" classname="screen.testshot"/>
</testsuite> <!-- screen.testshot -->
