<?xml version="1.0" encoding="UTF-8"?>
<!-- Generated by org.testng.reporters.JUnitReportReporter -->
<testsuite skipped="0" hostname="Trigen-PC" name="an.andd" tests="1" failures="0" timestamp="28 Aug 2019 12:11:45 GMT" time="15.938" errors="0">
  <testcase name="open" time="15.938" classname="an.andd"/>
</testsuite> <!-- an.andd -->
